\BOOKMARK [1][-]{section.1}{\376\377\000H\001\260\036\333\000n\000g\000\040\000d\036\253\000n\000\040\000s\036\355\000\040\000d\036\345\000n\000g}{}% 1
\BOOKMARK [1][-]{section.2}{\376\377\000\335\000\040\000t\001\260\036\337\000n\000g\000\040\000t\000h\036\361\000c\000\040\000h\000i\036\307\000n}{}% 2
\BOOKMARK [1][-]{section.3}{\376\377\000M\000\364\000\040\000t\036\243}{}% 3
\BOOKMARK [2][-]{subsection.3.1}{\376\377\000N\000h\000\363\000m\000\040\000h\000\340\000m\000\040\000c\000h\000\355\000n\000h}{section.3}% 4
\BOOKMARK [3][-]{subsubsection.3.1.1}{\376\377\000g\000e\000t\000\137\000l\000a\000b\000e\000l\000s}{subsection.3.1}% 5
\BOOKMARK [3][-]{subsubsection.3.1.2}{\376\377\000i\000n\000i\000t\000i\000a\000l\000i\000z\000e\000\137\000c\000e\000n\000t\000r\000o\000i\000d\000s}{subsection.3.1}% 6
\BOOKMARK [3][-]{subsubsection.3.1.3}{\376\377\000u\000p\000d\000a\000t\000e\000\137\000c\000e\000n\000t\000r\000o\000i\000d\000s}{subsection.3.1}% 7
\BOOKMARK [3][-]{subsubsection.3.1.4}{\376\377\000i\000s\000\137\000c\000o\000n\000v\000e\000r\000g\000e\000d}{subsection.3.1}% 8
\BOOKMARK [3][-]{subsubsection.3.1.5}{\376\377\000k\000m\000e\000a\000n\000s}{subsection.3.1}% 9
\BOOKMARK [2][-]{subsection.3.2}{\376\377\000N\000h\000\363\000m\000\040\000h\000\340\000m\000\040\000b\036\325\000\040\000t\000r\036\343}{section.3}% 10
\BOOKMARK [3][-]{subsubsection.3.2.1}{\376\377\000c\000o\000n\000v\000e\000r\000t\000\137\0001\000d\000\137\000a\000r\000r\000a\000y}{subsection.3.2}% 11
\BOOKMARK [3][-]{subsubsection.3.2.2}{\376\377\000c\000o\000n\000v\000e\000r\000t\000\137\0002\000d\000\137\000a\000r\000r\000a\000y}{subsection.3.2}% 12
\BOOKMARK [3][-]{subsubsection.3.2.3}{\376\377\000s\000h\000o\000w\000\137\000i\000m\000a\000g\000e}{subsection.3.2}% 13
\BOOKMARK [3][-]{subsubsection.3.2.4}{\376\377\000w\000r\000i\000t\000e\000\137\000i\000m\000a\000g\000e}{subsection.3.2}% 14
\BOOKMARK [3][-]{subsubsection.3.2.5}{\376\377\000e\000x\000e\000c\000u\000t\000e}{subsection.3.2}% 15
\BOOKMARK [1][-]{section.4}{\376\377\000H\000\354\000n\000h\000\040\036\243\000n\000h\000\040\001\021\036\247\000u\000\040\000r\000a}{}% 16
\BOOKMARK [2][-]{subsection.4.1}{\376\377\000H\000\354\000n\000h\000\040\036\243\000n\000h\000\040\000g\036\321\000c}{section.4}% 17
\BOOKMARK [2][-]{subsection.4.2}{\376\377\000H\000\354\000n\000h\000\040\036\243\000n\000h\000\040\000l\000\372\000c\000\040\000s\000a\000u\000\040\000\050\000S\036\321\000\040\000l\036\247\000n\000\040\000l\036\267\000p\000\040\000=\000\040\0001\0000\0000\000\051}{section.4}% 18
\BOOKMARK [3][-]{subsubsection.4.2.1}{\376\377\000k\000\040\000=\000\040\0003\000,\000\040\0005\000,\000\040\0007}{subsection.4.2}% 19
\BOOKMARK [3][-]{subsubsection.4.2.2}{\376\377\000k\000\040\000=\000\040\0001\0000\0000\000,\000\040\0002\0005\0006}{subsection.4.2}% 20
\BOOKMARK [2][-]{subsection.4.3}{\376\377\000N\000h\036\255\000n\000\040\000x\000\351\000t}{section.4}% 21
\BOOKMARK [3][-]{subsubsection.4.3.1}{\376\377\000V\036\301\000\040\036\243\000n\000h\000\040\001\021\036\247\000u\000\040\000r\000a}{subsection.4.3}% 22
\BOOKMARK [3][-]{subsubsection.4.3.2}{\376\377\000V\036\301\000\040\000t\000\340\000i\000\040\000n\000g\000u\000y\000\352\000n\000\040\000s\036\355\000\040\000d\036\345\000n\000g}{subsection.4.3}% 23
\BOOKMARK [1][-]{section.5}{\376\377\000T\000\340\000i\000\040\000l\000i\036\307\000u\000\040\000t\000h\000a\000m\000\040\000k\000h\036\243\000o}{}% 24
